# JRE version: Java(TM) SE Runtime Environment (8.0_311-b11) (build 1.8.0_311-b11)
# Java VM: Java HotSpot(TM) 64-Bit Server VM (25.311-b11 mixed mode windows-amd64 compressed oops)
Heap:
 PSYoungGen      total 1292800K, used 48644K [0x000000076bd80000, 0x00000007bff00000, 0x00000007c0000000)
  eden space 1208832K, 1% used [0x000000076bd80000,0x000000076d48ad28,0x00000007b5a00000)
  from space 83968K, 29% used [0x00000007bad00000,0x00000007bc576698,0x00000007bff00000)
  to   space 84480K, 0% used [0x00000007b5a00000,0x00000007b5a00000,0x00000007bac80000)
 ParOldGen       total 821248K, used 527284K [0x00000006c3800000, 0x00000006f5a00000, 0x000000076bd80000)
  object space 821248K, 64% used [0x00000006c3800000,0x00000006e3aed148,0x00000006f5a00000)
 Metaspace       used 127443K, capacity 145836K, committed 145912K, reserved 1173504K
  class space    used 18472K, capacity 22709K, committed 22784K, reserved 1048576K
GC Heap History (10 events):
Event: 380.931 GC heap before
{Heap before GC invocations=99 (full 5):
 PSYoungGen      total 1293312K, used 1267764K [0x000000076bd80000, 0x00000007c0000000, 0x00000007c0000000)
  eden space 1207808K, 100% used [0x000000076bd80000,0x00000007b5900000,0x00000007b5900000)
  from space 85504K, 70% used [0x00000007b5900000,0x00000007b938d2e8,0x00000007bac80000)
  to   space 85504K, 0% used [0x00000007bac80000,0x00000007bac80000,0x00000007c0000000)
 ParOldGen       total 821248K, used 489520K [0x00000006c3800000, 0x00000006f5a00000, 0x000000076bd80000)
  object space 821248K, 59% used [0x00000006c3800000,0x00000006e160c118,0x00000006f5a00000)
 Metaspace       used 127420K, capacity 145820K, committed 145912K, reserved 1173504K
  class space    used 18472K, capacity 22709K, committed 22784K, reserved 1048576K
Event: 380.958 GC heap after
Heap after GC invocations=99 (full 5):
 PSYoungGen      total 1293312K, used 59418K [0x000000076bd80000, 0x00000007c0000000, 0x00000007c0000000)
  eden space 1207808K, 0% used [0x000000076bd80000,0x000000076bd80000,0x00000007b5900000)
  from space 85504K, 69% used [0x00000007bac80000,0x00000007be686970,0x00000007c0000000)
  to   space 85504K, 0% used [0x00000007b5900000,0x00000007b5900000,0x00000007bac80000)
 ParOldGen       total 821248K, used 489528K [0x00000006c3800000, 0x00000006f5a00000, 0x000000076bd80000)
  object space 821248K, 59% used [0x00000006c3800000,0x00000006e160e118,0x00000006f5a00000)
 Metaspace       used 127420K, capacity 145820K, committed 145912K, reserved 1173504K
  class space    used 18472K, capacity 22709K, committed 22784K, reserved 1048576K
}
Event: 410.802 GC heap before
{Heap before GC invocations=100 (full 5):
 PSYoungGen      total 1293312K, used 1267226K [0x000000076bd80000, 0x00000007c0000000, 0x00000007c0000000)
  eden space 1207808K, 100% used [0x000000076bd80000,0x00000007b5900000,0x00000007b5900000)
  from space 85504K, 69% used [0x00000007bac80000,0x00000007be686970,0x00000007c0000000)
  to   space 85504K, 0% used [0x00000007b5900000,0x00000007b5900000,0x00000007bac80000)
 ParOldGen       total 821248K, used 489528K [0x00000006c3800000, 0x00000006f5a00000, 0x000000076bd80000)
  object space 821248K, 59% used [0x00000006c3800000,0x00000006e160e118,0x00000006f5a00000)
 Metaspace       used 127421K, capacity 145824K, committed 145912K, reserved 1173504K
  class space    used 18472K, capacity 22709K, committed 22784K, reserved 1048576K
Event: 410.837 GC heap after
Heap after GC invocations=100 (full 5):
 PSYoungGen      total 1293312K, used 31556K [0x000000076bd80000, 0x00000007c0000000, 0x00000007c0000000)
  eden space 1207808K, 0% used [0x000000076bd80000,0x000000076bd80000,0x00000007b5900000)
  from space 85504K, 36% used [0x00000007b5900000,0x00000007b77d1040,0x00000007bac80000)
  to   space 85504K, 0% used [0x00000007bac80000,0x00000007bac80000,0x00000007c0000000)
 ParOldGen       total 821248K, used 519583K [0x00000006c3800000, 0x00000006f5a00000, 0x000000076bd80000)
  object space 821248K, 63% used [0x00000006c3800000,0x00000006e3367c48,0x00000006f5a00000)
 Metaspace       used 127421K, capacity 145824K, committed 145912K, reserved 1173504K
  class space    used 18472K, capacity 22709K, committed 22784K, reserved 1048576K
}
Event: 445.832 GC heap before
{Heap before GC invocations=101 (full 5):
 PSYoungGen      total 1293312K, used 1239364K [0x000000076bd80000, 0x00000007c0000000, 0x00000007c0000000)
  eden space 1207808K, 100% used [0x000000076bd80000,0x00000007b5900000,0x00000007b5900000)
  from space 85504K, 36% used [0x00000007b5900000,0x00000007b77d1040,0x00000007bac80000)
  to   space 85504K, 0% used [0x00000007bac80000,0x00000007bac80000,0x00000007c0000000)
 ParOldGen       total 821248K, used 519583K [0x00000006c3800000, 0x00000006f5a00000, 0x000000076bd80000)
  object space 821248K, 63% used [0x00000006c3800000,0x00000006e3367c48,0x00000006f5a00000)
 Metaspace       used 127441K, capacity 145832K, committed 145912K, reserved 1173504K
  class space    used 18472K, capacity 22709K, committed 22784K, reserved 1048576K
Event: 445.853 GC heap after
Heap after GC invocations=101 (full 5):
 PSYoungGen      total 1292288K, used 29744K [0x000000076bd80000, 0x00000007bff00000, 0x00000007c0000000)
  eden space 1207808K, 0% used [0x000000076bd80000,0x000000076bd80000,0x00000007b5900000)
  from space 84480K, 35% used [0x00000007bac80000,0x00000007bc98c230,0x00000007bff00000)
  to   space 84992K, 0% used [0x00000007b5900000,0x00000007b5900000,0x00000007bac00000)
 ParOldGen       total 821248K, used 521675K [0x00000006c3800000, 0x00000006f5a00000, 0x000000076bd80000)
  object space 821248K, 63% used [0x00000006c3800000,0x00000006e3572d70,0x00000006f5a00000)
 Metaspace       used 127441K, capacity 145832K, committed 145912K, reserved 1173504K
  class space    used 18472K, capacity 22709K, committed 22784K, reserved 1048576K
}
Event: 486.096 GC heap before
{Heap before GC invocations=102 (full 5):
 PSYoungGen      total 1292288K, used 1237552K [0x000000076bd80000, 0x00000007bff00000, 0x00000007c0000000)
  eden space 1207808K, 100% used [0x000000076bd80000,0x00000007b5900000,0x00000007b5900000)
  from space 84480K, 35% used [0x00000007bac80000,0x00000007bc98c230,0x00000007bff00000)
  to   space 84992K, 0% used [0x00000007b5900000,0x00000007b5900000,0x00000007bac00000)
 ParOldGen       total 821248K, used 521675K [0x00000006c3800000, 0x00000006f5a00000, 0x000000076bd80000)
  object space 821248K, 63% used [0x00000006c3800000,0x00000006e3572d70,0x00000006f5a00000)
 Metaspace       used 127441K, capacity 145832K, committed 145912K, reserved 1173504K
  class space    used 18472K, capacity 22709K, committed 22784K, reserved 1048576K
Event: 486.154 GC heap after
Heap after GC invocations=102 (full 5):
 PSYoungGen      total 1292800K, used 27075K [0x000000076bd80000, 0x00000007c0000000, 0x00000007c0000000)
  eden space 1207808K, 0% used [0x000000076bd80000,0x000000076bd80000,0x00000007b5900000)
  from space 84992K, 31% used [0x00000007b5900000,0x00000007b7370f98,0x00000007bac00000)
  to   space 84992K, 0% used [0x00000007bad00000,0x00000007bad00000,0x00000007c0000000)
 ParOldGen       total 821248K, used 525148K [0x00000006c3800000, 0x00000006f5a00000, 0x000000076bd80000)
  object space 821248K, 63% used [0x00000006c3800000,0x00000006e38d7000,0x00000006f5a00000)
 Metaspace       used 127441K, capacity 145832K, committed 145912K, reserved 1173504K
  class space    used 18472K, capacity 22709K, committed 22784K, reserved 1048576K
}
Event: 528.668 GC heap before
{Heap before GC invocations=103 (full 5):
 PSYoungGen      total 1292800K, used 1234883K [0x000000076bd80000, 0x00000007c0000000, 0x00000007c0000000)
  eden space 1207808K, 100% used [0x000000076bd80000,0x00000007b5900000,0x00000007b5900000)
  from space 84992K, 31% used [0x00000007b5900000,0x00000007b7370f98,0x00000007bac00000)
  to   space 84992K, 0% used [0x00000007bad00000,0x00000007bad00000,0x00000007c0000000)
 ParOldGen       total 821248K, used 525148K [0x00000006c3800000, 0x00000006f5a00000, 0x000000076bd80000)
  object space 821248K, 63% used [0x00000006c3800000,0x00000006e38d7000,0x00000006f5a00000)
 Metaspace       used 127443K, capacity 145836K, committed 145912K, reserved 1173504K
  class space    used 18472K, capacity 22709K, committed 22784K, reserved 1048576K
Event: 528.706 GC heap after
Heap after GC invocations=103 (full 5):
 PSYoungGen      total 1292800K, used 25049K [0x000000076bd80000, 0x00000007bff00000, 0x00000007c0000000)
  eden space 1208832K, 0% used [0x000000076bd80000,0x000000076bd80000,0x00000007b5a00000)
  from space 83968K, 29% used [0x00000007bad00000,0x00000007bc576698,0x00000007bff00000)
  to   space 84480K, 0% used [0x00000007b5a00000,0x00000007b5a00000,0x00000007bac80000)
 ParOldGen       total 821248K, used 527284K [0x00000006c3800000, 0x00000006f5a00000, 0x000000076bd80000)
  object space 821248K, 64% used [0x00000006c3800000,0x00000006e3aed148,0x00000006f5a00000)
 Metaspace       used 127443K, capacity 145836K, committed 145912K, reserved 1173504K
  class space    used 18472K, capacity 22709K, committed 22784K, reserved 1048576K
}

